Determining if the pthread_create exist failed with the following output:
Change Dir: /home/bobdabot/catkin_ws/build/CMakeFiles/CMakeTmp

Run Build Command:"/usr/bin/make" "cmTC_deca3/fast"
/usr/bin/make -f CMakeFiles/cmTC_deca3.dir/build.make CMakeFiles/cmTC_deca3.dir/build
make[1]: Entering directory '/home/bobdabot/catkin_ws/build/CMakeFiles/CMakeTmp'
Building C object CMakeFiles/cmTC_deca3.dir/CheckSymbolExists.c.o
/usr/bin/cc    -o CMakeFiles/cmTC_deca3.dir/CheckSymbolExists.c.o   -c /home/bobdabot/catkin_ws/build/CMakeFiles/CMakeTmp/CheckSymbolExists.c
Linking C executable cmTC_deca3
/usr/bin/cmake -E cmake_link_script CMakeFiles/cmTC_deca3.dir/link.txt --verbose=1
/usr/bin/cc      -rdynamic CMakeFiles/cmTC_deca3.dir/CheckSymbolExists.c.o  -o cmTC_deca3 
CMakeFiles/cmTC_deca3.dir/CheckSymbolExists.c.o: In function `main':
CheckSymbolExists.c:(.text+0x14): undefined reference to `pthread_create'
CheckSymbolExists.c:(.text+0x18): undefined reference to `pthread_create'
collect2: error: ld returned 1 exit status
CMakeFiles/cmTC_deca3.dir/build.make:97: recipe for target 'cmTC_deca3' failed
make[1]: *** [cmTC_deca3] Error 1
make[1]: Leaving directory '/home/bobdabot/catkin_ws/build/CMakeFiles/CMakeTmp'
Makefile:126: recipe for target 'cmTC_deca3/fast' failed
make: *** [cmTC_deca3/fast] Error 2

File /home/bobdabot/catkin_ws/build/CMakeFiles/CMakeTmp/CheckSymbolExists.c:
/* */
#include <pthread.h>

int main(int argc, char** argv)
{
  (void)argv;
#ifndef pthread_create
  return ((int*)(&pthread_create))[argc];
#else
  (void)argc;
  return 0;
#endif
}

Determining if the function pthread_create exists in the pthreads failed with the following output:
Change Dir: /home/bobdabot/catkin_ws/build/CMakeFiles/CMakeTmp

Run Build Command:"/usr/bin/make" "cmTC_2a08c/fast"
/usr/bin/make -f CMakeFiles/cmTC_2a08c.dir/build.make CMakeFiles/cmTC_2a08c.dir/build
make[1]: Entering directory '/home/bobdabot/catkin_ws/build/CMakeFiles/CMakeTmp'
Building C object CMakeFiles/cmTC_2a08c.dir/CheckFunctionExists.c.o
/usr/bin/cc   -DCHECK_FUNCTION_EXISTS=pthread_create   -o CMakeFiles/cmTC_2a08c.dir/CheckFunctionExists.c.o   -c /usr/share/cmake-3.10/Modules/CheckFunctionExists.c
Linking C executable cmTC_2a08c
/usr/bin/cmake -E cmake_link_script CMakeFiles/cmTC_2a08c.dir/link.txt --verbose=1
/usr/bin/cc  -DCHECK_FUNCTION_EXISTS=pthread_create    -rdynamic CMakeFiles/cmTC_2a08c.dir/CheckFunctionExists.c.o  -o cmTC_2a08c -lpthreads 
/usr/bin/ld: cannot find -lpthreads
collect2: error: ld returned 1 exit status
CMakeFiles/cmTC_2a08c.dir/build.make:97: recipe for target 'cmTC_2a08c' failed
make[1]: *** [cmTC_2a08c] Error 1
make[1]: Leaving directory '/home/bobdabot/catkin_ws/build/CMakeFiles/CMakeTmp'
Makefile:126: recipe for target 'cmTC_2a08c/fast' failed
make: *** [cmTC_2a08c/fast] Error 2


